# JRE version: OpenJDK Runtime Environment (8.0_242-b01) (build 1.8.0_242-release-1644-b01)
# Java VM: OpenJDK 64-Bit Server VM (25.242-b01 mixed mode windows-amd64 compressed oops)
Heap:
 PSYoungGen      total 439808K, used 311132K [0x00000000d5580000, 0x00000000f3800000, 0x0000000100000000)
  eden space 398848K, 77% used [0x00000000d5580000,0x00000000e83fe830,0x00000000edb00000)
  from space 40960K, 3% used [0x00000000f1000000,0x00000000f1158848,0x00000000f3800000)
  to   space 47616K, 0% used [0x00000000edb00000,0x00000000edb00000,0x00000000f0980000)
 ParOldGen       total 177664K, used 138406K [0x0000000080000000, 0x000000008ad80000, 0x00000000d5580000)
  object space 177664K, 77% used [0x0000000080000000,0x0000000088729910,0x000000008ad80000)
 Metaspace       used 112394K, capacity 117594K, committed 117800K, reserved 1150976K
  class space    used 14416K, capacity 15509K, committed 15664K, reserved 1048576K
GC Heap History (10 events):
Event: 4578.718 GC heap before
{Heap before GC invocations=28 (full 4):
 PSYoungGen      total 398848K, used 355310K [0x00000000d5580000, 0x00000000f1580000, 0x0000000100000000)
  eden space 348160K, 100% used [0x00000000d5580000,0x00000000ea980000,0x00000000ea980000)
  from space 50688K, 14% used [0x00000000ea980000,0x00000000eb07ba10,0x00000000edb00000)
  to   space 48640K, 0% used [0x00000000edb00000,0x00000000edb00000,0x00000000f0a80000)
 ParOldGen       total 177664K, used 122996K [0x0000000080000000, 0x000000008ad80000, 0x00000000d5580000)
  object space 177664K, 69% used [0x0000000080000000,0x000000008781d1d0,0x000000008ad80000)
 Metaspace       used 111445K, capacity 116518K, committed 116648K, reserved 1150976K
  class space    used 14338K, capacity 15411K, committed 15536K, reserved 1048576K
Event: 4578.744 GC heap after
Heap after GC invocations=28 (full 4):
 PSYoungGen      total 396800K, used 5383K [0x00000000d5580000, 0x00000000f1580000, 0x0000000100000000)
  eden space 348160K, 0% used [0x00000000d5580000,0x00000000d5580000,0x00000000ea980000)
  from space 48640K, 11% used [0x00000000edb00000,0x00000000ee041e68,0x00000000f0a80000)
  to   space 50688K, 0% used [0x00000000ea980000,0x00000000ea980000,0x00000000edb00000)
 ParOldGen       total 177664K, used 126869K [0x0000000080000000, 0x000000008ad80000, 0x00000000d5580000)
  object space 177664K, 71% used [0x0000000080000000,0x0000000087be5558,0x000000008ad80000)
 Metaspace       used 111445K, capacity 116518K, committed 116648K, reserved 1150976K
  class space    used 14338K, capacity 15411K, committed 15536K, reserved 1048576K
}
Event: 4579.848 GC heap before
{Heap before GC invocations=29 (full 4):
 PSYoungGen      total 396800K, used 353543K [0x00000000d5580000, 0x00000000f1580000, 0x0000000100000000)
  eden space 348160K, 100% used [0x00000000d5580000,0x00000000ea980000,0x00000000ea980000)
  from space 48640K, 11% used [0x00000000edb00000,0x00000000ee041e68,0x00000000f0a80000)
  to   space 50688K, 0% used [0x00000000ea980000,0x00000000ea980000,0x00000000edb00000)
 ParOldGen       total 177664K, used 126869K [0x0000000080000000, 0x000000008ad80000, 0x00000000d5580000)
  object space 177664K, 71% used [0x0000000080000000,0x0000000087be5558,0x000000008ad80000)
 Metaspace       used 111532K, capacity 116582K, committed 116904K, reserved 1150976K
  class space    used 14338K, capacity 15411K, committed 15536K, reserved 1048576K
Event: 4579.868 GC heap after
Heap after GC invocations=29 (full 4):
 PSYoungGen      total 398848K, used 4850K [0x00000000d5580000, 0x00000000f1580000, 0x0000000100000000)
  eden space 348160K, 0% used [0x00000000d5580000,0x00000000d5580000,0x00000000ea980000)
  from space 50688K, 9% used [0x00000000ea980000,0x00000000eae3ca10,0x00000000edb00000)
  to   space 48640K, 0% used [0x00000000edb00000,0x00000000edb00000,0x00000000f0a80000)
 ParOldGen       total 177664K, used 131319K [0x0000000080000000, 0x000000008ad80000, 0x00000000d5580000)
  object space 177664K, 73% used [0x0000000080000000,0x000000008803df70,0x000000008ad80000)
 Metaspace       used 111532K, capacity 116582K, committed 116904K, reserved 1150976K
  class space    used 14338K, capacity 15411K, committed 15536K, reserved 1048576K
}
Event: 4582.365 GC heap before
{Heap before GC invocations=30 (full 4):
 PSYoungGen      total 398848K, used 353010K [0x00000000d5580000, 0x00000000f1580000, 0x0000000100000000)
  eden space 348160K, 100% used [0x00000000d5580000,0x00000000ea980000,0x00000000ea980000)
  from space 50688K, 9% used [0x00000000ea980000,0x00000000eae3ca10,0x00000000edb00000)
  to   space 48640K, 0% used [0x00000000edb00000,0x00000000edb00000,0x00000000f0a80000)
 ParOldGen       total 177664K, used 131319K [0x0000000080000000, 0x000000008ad80000, 0x00000000d5580000)
  object space 177664K, 73% used [0x0000000080000000,0x000000008803df70,0x000000008ad80000)
 Metaspace       used 111610K, capacity 116646K, committed 116904K, reserved 1150976K
  class space    used 14345K, capacity 15411K, committed 15536K, reserved 1048576K
Event: 4582.398 GC heap after
Heap after GC invocations=30 (full 4):
 PSYoungGen      total 396800K, used 3136K [0x00000000d5580000, 0x00000000f1580000, 0x0000000100000000)
  eden space 348160K, 0% used [0x00000000d5580000,0x00000000d5580000,0x00000000ea980000)
  from space 48640K, 6% used [0x00000000edb00000,0x00000000ede10000,0x00000000f0a80000)
  to   space 50688K, 0% used [0x00000000ea980000,0x00000000ea980000,0x00000000edb00000)
 ParOldGen       total 177664K, used 135314K [0x0000000080000000, 0x000000008ad80000, 0x00000000d5580000)
  object space 177664K, 76% used [0x0000000080000000,0x0000000088424b18,0x000000008ad80000)
 Metaspace       used 111610K, capacity 116646K, committed 116904K, reserved 1150976K
  class space    used 14345K, capacity 15411K, committed 15536K, reserved 1048576K
}
Event: 4584.094 GC heap before
{Heap before GC invocations=31 (full 4):
 PSYoungGen      total 396800K, used 351296K [0x00000000d5580000, 0x00000000f1580000, 0x0000000100000000)
  eden space 348160K, 100% used [0x00000000d5580000,0x00000000ea980000,0x00000000ea980000)
  from space 48640K, 6% used [0x00000000edb00000,0x00000000ede10000,0x00000000f0a80000)
  to   space 50688K, 0% used [0x00000000ea980000,0x00000000ea980000,0x00000000edb00000)
 ParOldGen       total 177664K, used 135314K [0x0000000080000000, 0x000000008ad80000, 0x00000000d5580000)
  object space 177664K, 76% used [0x0000000080000000,0x0000000088424b18,0x000000008ad80000)
 Metaspace       used 111635K, capacity 116648K, committed 116904K, reserved 1150976K
  class space    used 14347K, capacity 15412K, committed 15536K, reserved 1048576K
Event: 4584.109 GC heap after
Heap after GC invocations=31 (full 4):
 PSYoungGen      total 398848K, used 2080K [0x00000000d5580000, 0x00000000f4000000, 0x0000000100000000)
  eden space 348160K, 0% used [0x00000000d5580000,0x00000000d5580000,0x00000000ea980000)
  from space 50688K, 4% used [0x00000000ea980000,0x00000000eab88000,0x00000000edb00000)
  to   space 49152K, 0% used [0x00000000f1000000,0x00000000f1000000,0x00000000f4000000)
 ParOldGen       total 177664K, used 136980K [0x0000000080000000, 0x000000008ad80000, 0x00000000d5580000)
  object space 177664K, 77% used [0x0000000080000000,0x00000000885c50a8,0x000000008ad80000)
 Metaspace       used 111635K, capacity 116648K, committed 116904K, reserved 1150976K
  class space    used 14347K, capacity 15412K, committed 15536K, reserved 1048576K
}
Event: 4593.503 GC heap before
{Heap before GC invocations=32 (full 4):
 PSYoungGen      total 398848K, used 350240K [0x00000000d5580000, 0x00000000f4000000, 0x0000000100000000)
  eden space 348160K, 100% used [0x00000000d5580000,0x00000000ea980000,0x00000000ea980000)
  from space 50688K, 4% used [0x00000000ea980000,0x00000000eab88000,0x00000000edb00000)
  to   space 49152K, 0% used [0x00000000f1000000,0x00000000f1000000,0x00000000f4000000)
 ParOldGen       total 177664K, used 136980K [0x0000000080000000, 0x000000008ad80000, 0x00000000d5580000)
  object space 177664K, 77% used [0x0000000080000000,0x00000000885c50a8,0x000000008ad80000)
 Metaspace       used 112348K, capacity 117518K, committed 117800K, reserved 1150976K
  class space    used 14412K, capacity 15507K, committed 15664K, reserved 1048576K
Event: 4593.549 GC heap after
Heap after GC invocations=32 (full 4):
 PSYoungGen      total 439808K, used 1378K [0x00000000d5580000, 0x00000000f3800000, 0x0000000100000000)
  eden space 398848K, 0% used [0x00000000d5580000,0x00000000d5580000,0x00000000edb00000)
  from space 40960K, 3% used [0x00000000f1000000,0x00000000f1158848,0x00000000f3800000)
  to   space 47616K, 0% used [0x00000000edb00000,0x00000000edb00000,0x00000000f0980000)
 ParOldGen       total 177664K, used 138406K [0x0000000080000000, 0x000000008ad80000, 0x00000000d5580000)
  object space 177664K, 77% used [0x0000000080000000,0x0000000088729910,0x000000008ad80000)
 Metaspace       used 112348K, capacity 117518K, committed 117800K, reserved 1150976K
  class space    used 14412K, capacity 15507K, committed 15664K, reserved 1048576K
}

