# JRE version: OpenJDK Runtime Environment (8.0_242-b01) (build 1.8.0_242-release-1644-b01)
# Java VM: OpenJDK 64-Bit Server VM (25.242-b01 mixed mode windows-amd64 compressed oops)
Heap:
 PSYoungGen      total 308224K, used 247847K [0x00000000d5580000, 0x00000000edf00000, 0x0000000100000000)
  eden space 284672K, 78% used [0x00000000d5580000,0x00000000e3091e30,0x00000000e6b80000)
  from space 23552K, 99% used [0x00000000e6b80000,0x00000000e8278040,0x00000000e8280000)
  to   space 31744K, 0% used [0x00000000ec000000,0x00000000ec000000,0x00000000edf00000)
 ParOldGen       total 112128K, used 56522K [0x0000000080000000, 0x0000000086d80000, 0x00000000d5580000)
  object space 112128K, 50% used [0x0000000080000000,0x0000000083732998,0x0000000086d80000)
 Metaspace       used 91705K, capacity 96074K, committed 96176K, reserved 1132544K
  class space    used 11992K, capacity 12879K, committed 12976K, reserved 1048576K
GC Heap History (10 events):
Event: 11.538 GC heap before
{Heap before GC invocations=14 (full 2):
 PSYoungGen      total 186880K, used 26575K [0x00000000d5580000, 0x00000000e5e00000, 0x0000000100000000)
  eden space 173568K, 7% used [0x00000000d5580000,0x00000000d6279a58,0x00000000dff00000)
  from space 13312K, 99% used [0x00000000dff00000,0x00000000e0bfa250,0x00000000e0c00000)
  to   space 19968K, 0% used [0x00000000e4a80000,0x00000000e4a80000,0x00000000e5e00000)
 ParOldGen       total 74752K, used 30504K [0x0000000080000000, 0x0000000084900000, 0x00000000d5580000)
  object space 74752K, 40% used [0x0000000080000000,0x0000000081dca228,0x0000000084900000)
 Metaspace       used 56953K, capacity 59086K, committed 59160K, reserved 1099776K
  class space    used 7612K, capacity 8093K, committed 8112K, reserved 1048576K
Event: 11.552 GC heap after
Heap after GC invocations=14 (full 2):
 PSYoungGen      total 250880K, used 2048K [0x00000000d5580000, 0x00000000e6080000, 0x0000000100000000)
  eden space 230912K, 0% used [0x00000000d5580000,0x00000000d5580000,0x00000000e3700000)
  from space 19968K, 10% used [0x00000000e4a80000,0x00000000e4c80120,0x00000000e5e00000)
  to   space 19968K, 0% used [0x00000000e3700000,0x00000000e3700000,0x00000000e4a80000)
 ParOldGen       total 74752K, used 40753K [0x0000000080000000, 0x0000000084900000, 0x00000000d5580000)
  object space 74752K, 54% used [0x0000000080000000,0x00000000827cc718,0x0000000084900000)
 Metaspace       used 56953K, capacity 59086K, committed 59160K, reserved 1099776K
  class space    used 7612K, capacity 8093K, committed 8112K, reserved 1048576K
}
Event: 11.552 GC heap before
{Heap before GC invocations=15 (full 3):
 PSYoungGen      total 250880K, used 2048K [0x00000000d5580000, 0x00000000e6080000, 0x0000000100000000)
  eden space 230912K, 0% used [0x00000000d5580000,0x00000000d5580000,0x00000000e3700000)
  from space 19968K, 10% used [0x00000000e4a80000,0x00000000e4c80120,0x00000000e5e00000)
  to   space 19968K, 0% used [0x00000000e3700000,0x00000000e3700000,0x00000000e4a80000)
 ParOldGen       total 74752K, used 40753K [0x0000000080000000, 0x0000000084900000, 0x00000000d5580000)
  object space 74752K, 54% used [0x0000000080000000,0x00000000827cc718,0x0000000084900000)
 Metaspace       used 56953K, capacity 59086K, committed 59160K, reserved 1099776K
  class space    used 7612K, capacity 8093K, committed 8112K, reserved 1048576K
Event: 11.894 GC heap after
Heap after GC invocations=15 (full 3):
 PSYoungGen      total 250880K, used 0K [0x00000000d5580000, 0x00000000e6080000, 0x0000000100000000)
  eden space 230912K, 0% used [0x00000000d5580000,0x00000000d5580000,0x00000000e3700000)
  from space 19968K, 0% used [0x00000000e4a80000,0x00000000e4a80000,0x00000000e5e00000)
  to   space 19968K, 0% used [0x00000000e3700000,0x00000000e3700000,0x00000000e4a80000)
 ParOldGen       total 112128K, used 30695K [0x0000000080000000, 0x0000000086d80000, 0x00000000d5580000)
  object space 112128K, 27% used [0x0000000080000000,0x0000000081df9c10,0x0000000086d80000)
 Metaspace       used 56846K, capacity 58786K, committed 59160K, reserved 1099776K
  class space    used 7583K, capacity 8055K, committed 8112K, reserved 1048576K
}
Event: 15.107 GC heap before
{Heap before GC invocations=16 (full 3):
 PSYoungGen      total 250880K, used 230912K [0x00000000d5580000, 0x00000000e6080000, 0x0000000100000000)
  eden space 230912K, 100% used [0x00000000d5580000,0x00000000e3700000,0x00000000e3700000)
  from space 19968K, 0% used [0x00000000e4a80000,0x00000000e4a80000,0x00000000e5e00000)
  to   space 19968K, 0% used [0x00000000e3700000,0x00000000e3700000,0x00000000e4a80000)
 ParOldGen       total 112128K, used 30695K [0x0000000080000000, 0x0000000086d80000, 0x00000000d5580000)
  object space 112128K, 27% used [0x0000000080000000,0x0000000081df9c10,0x0000000086d80000)
 Metaspace       used 69776K, capacity 72326K, committed 72496K, reserved 1112064K
  class space    used 9490K, capacity 10024K, committed 10032K, reserved 1048576K
Event: 15.128 GC heap after
Heap after GC invocations=16 (full 3):
 PSYoungGen      total 250880K, used 19941K [0x00000000d5580000, 0x00000000e9c80000, 0x0000000100000000)
  eden space 230912K, 0% used [0x00000000d5580000,0x00000000d5580000,0x00000000e3700000)
  from space 19968K, 99% used [0x00000000e3700000,0x00000000e4a795f8,0x00000000e4a80000)
  to   space 23552K, 0% used [0x00000000e8580000,0x00000000e8580000,0x00000000e9c80000)
 ParOldGen       total 112128K, used 31455K [0x0000000080000000, 0x0000000086d80000, 0x00000000d5580000)
  object space 112128K, 28% used [0x0000000080000000,0x0000000081eb7c88,0x0000000086d80000)
 Metaspace       used 69776K, capacity 72326K, committed 72496K, reserved 1112064K
  class space    used 9490K, capacity 10024K, committed 10032K, reserved 1048576K
}
Event: 17.912 GC heap before
{Heap before GC invocations=17 (full 3):
 PSYoungGen      total 250880K, used 250853K [0x00000000d5580000, 0x00000000e9c80000, 0x0000000100000000)
  eden space 230912K, 100% used [0x00000000d5580000,0x00000000e3700000,0x00000000e3700000)
  from space 19968K, 99% used [0x00000000e3700000,0x00000000e4a795f8,0x00000000e4a80000)
  to   space 23552K, 0% used [0x00000000e8580000,0x00000000e8580000,0x00000000e9c80000)
 ParOldGen       total 112128K, used 31455K [0x0000000080000000, 0x0000000086d80000, 0x00000000d5580000)
  object space 112128K, 28% used [0x0000000080000000,0x0000000081eb7c88,0x0000000086d80000)
 Metaspace       used 75486K, capacity 78926K, committed 79024K, reserved 1118208K
  class space    used 10215K, capacity 10886K, committed 10928K, reserved 1048576K
Event: 17.954 GC heap after
Heap after GC invocations=17 (full 3):
 PSYoungGen      total 305152K, used 12941K [0x00000000d5580000, 0x00000000e9980000, 0x0000000100000000)
  eden space 284672K, 0% used [0x00000000d5580000,0x00000000d5580000,0x00000000e6b80000)
  from space 20480K, 63% used [0x00000000e8580000,0x00000000e9223700,0x00000000e9980000)
  to   space 23552K, 0% used [0x00000000e6b80000,0x00000000e6b80000,0x00000000e8280000)
 ParOldGen       total 112128K, used 43367K [0x0000000080000000, 0x0000000086d80000, 0x00000000d5580000)
  object space 112128K, 38% used [0x0000000080000000,0x0000000082a59f60,0x0000000086d80000)
 Metaspace       used 75486K, capacity 78926K, committed 79024K, reserved 1118208K
  class space    used 10215K, capacity 10886K, committed 10928K, reserved 1048576K
}
Event: 6786.771 GC heap before
{Heap before GC invocations=18 (full 3):
 PSYoungGen      total 305152K, used 297613K [0x00000000d5580000, 0x00000000e9980000, 0x0000000100000000)
  eden space 284672K, 100% used [0x00000000d5580000,0x00000000e6b80000,0x00000000e6b80000)
  from space 20480K, 63% used [0x00000000e8580000,0x00000000e9223700,0x00000000e9980000)
  to   space 23552K, 0% used [0x00000000e6b80000,0x00000000e6b80000,0x00000000e8280000)
 ParOldGen       total 112128K, used 43367K [0x0000000080000000, 0x0000000086d80000, 0x00000000d5580000)
  object space 112128K, 38% used [0x0000000080000000,0x0000000082a59f60,0x0000000086d80000)
 Metaspace       used 83952K, capacity 88010K, committed 88240K, reserved 1126400K
  class space    used 11049K, capacity 11855K, committed 11952K, reserved 1048576K
Event: 6786.825 GC heap after
Heap after GC invocations=18 (full 3):
 PSYoungGen      total 308224K, used 23520K [0x00000000d5580000, 0x00000000edf00000, 0x0000000100000000)
  eden space 284672K, 0% used [0x00000000d5580000,0x00000000d5580000,0x00000000e6b80000)
  from space 23552K, 99% used [0x00000000e6b80000,0x00000000e8278040,0x00000000e8280000)
  to   space 31744K, 0% used [0x00000000ec000000,0x00000000ec000000,0x00000000edf00000)
 ParOldGen       total 112128K, used 56522K [0x0000000080000000, 0x0000000086d80000, 0x00000000d5580000)
  object space 112128K, 50% used [0x0000000080000000,0x0000000083732998,0x0000000086d80000)
 Metaspace       used 83952K, capacity 88010K, committed 88240K, reserved 1126400K
  class space    used 11049K, capacity 11855K, committed 11952K, reserved 1048576K
}

