# JRE version: OpenJDK Runtime Environment (8.0_242-b01) (build 1.8.0_242-release-1644-b01)
# Java VM: OpenJDK 64-Bit Server VM (25.242-b01 mixed mode windows-amd64 compressed oops)
Heap:
 PSYoungGen      total 534528K, used 468958K [0x00000000d5580000, 0x00000000f9400000, 0x0000000100000000)
  eden space 480768K, 96% used [0x00000000d5580000,0x00000000f19fee90,0x00000000f2b00000)
  from space 53760K, 10% used [0x00000000f2b00000,0x00000000f3078b80,0x00000000f5f80000)
  to   space 49152K, 0% used [0x00000000f6400000,0x00000000f6400000,0x00000000f9400000)
 ParOldGen       total 297472K, used 126327K [0x0000000080000000, 0x0000000092280000, 0x00000000d5580000)
  object space 297472K, 42% used [0x0000000080000000,0x0000000087b5ddc0,0x0000000092280000)
 Metaspace       used 110825K, capacity 115808K, committed 117928K, reserved 1150976K
  class space    used 14267K, capacity 15264K, committed 16048K, reserved 1048576K
GC Heap History (10 events):
Event: 581.930 GC heap before
{Heap before GC invocations=28 (full 4):
 PSYoungGen      total 468480K, used 443509K [0x00000000d5580000, 0x00000000f6100000, 0x0000000100000000)
  eden space 410624K, 100% used [0x00000000d5580000,0x00000000ee680000,0x00000000ee680000)
  from space 57856K, 56% used [0x00000000ee680000,0x00000000f069d440,0x00000000f1f00000)
  to   space 56832K, 0% used [0x00000000f1f00000,0x00000000f1f00000,0x00000000f5680000)
 ParOldGen       total 206336K, used 140409K [0x0000000080000000, 0x000000008c980000, 0x00000000d5580000)
  object space 206336K, 68% used [0x0000000080000000,0x000000008891e748,0x000000008c980000)
 Metaspace       used 111351K, capacity 117206K, committed 117288K, reserved 1150976K
  class space    used 14621K, capacity 15915K, committed 15920K, reserved 1048576K
Event: 582.000 GC heap after
Heap after GC invocations=28 (full 4):
 PSYoungGen      total 470016K, used 21652K [0x00000000d5580000, 0x00000000faf80000, 0x0000000100000000)
  eden space 413184K, 0% used [0x00000000d5580000,0x00000000d5580000,0x00000000ee900000)
  from space 56832K, 38% used [0x00000000f1f00000,0x00000000f3425310,0x00000000f5680000)
  to   space 55296K, 0% used [0x00000000ee900000,0x00000000ee900000,0x00000000f1f00000)
 ParOldGen       total 206336K, used 155756K [0x0000000080000000, 0x000000008c980000, 0x00000000d5580000)
  object space 206336K, 75% used [0x0000000080000000,0x000000008981b070,0x000000008c980000)
 Metaspace       used 111351K, capacity 117206K, committed 117288K, reserved 1150976K
  class space    used 14621K, capacity 15915K, committed 15920K, reserved 1048576K
}
Event: 582.903 GC heap before
{Heap before GC invocations=29 (full 4):
 PSYoungGen      total 470016K, used 434836K [0x00000000d5580000, 0x00000000faf80000, 0x0000000100000000)
  eden space 413184K, 100% used [0x00000000d5580000,0x00000000ee900000,0x00000000ee900000)
  from space 56832K, 38% used [0x00000000f1f00000,0x00000000f3425310,0x00000000f5680000)
  to   space 55296K, 0% used [0x00000000ee900000,0x00000000ee900000,0x00000000f1f00000)
 ParOldGen       total 206336K, used 155756K [0x0000000080000000, 0x000000008c980000, 0x00000000d5580000)
  object space 206336K, 75% used [0x0000000080000000,0x000000008981b070,0x000000008c980000)
 Metaspace       used 111415K, capacity 117284K, committed 117288K, reserved 1150976K
  class space    used 14622K, capacity 15916K, committed 15920K, reserved 1048576K
Event: 582.931 GC heap after
Heap after GC invocations=29 (full 4):
 PSYoungGen      total 468480K, used 6279K [0x00000000d5580000, 0x00000000f9980000, 0x0000000100000000)
  eden space 413184K, 0% used [0x00000000d5580000,0x00000000d5580000,0x00000000ee900000)
  from space 55296K, 11% used [0x00000000ee900000,0x00000000eef21f80,0x00000000f1f00000)
  to   space 54784K, 0% used [0x00000000f6400000,0x00000000f6400000,0x00000000f9980000)
 ParOldGen       total 206336K, used 170795K [0x0000000080000000, 0x000000008c980000, 0x00000000d5580000)
  object space 206336K, 82% used [0x0000000080000000,0x000000008a6cae38,0x000000008c980000)
 Metaspace       used 111415K, capacity 117284K, committed 117288K, reserved 1150976K
  class space    used 14622K, capacity 15916K, committed 15920K, reserved 1048576K
}
Event: 583.937 GC heap before
{Heap before GC invocations=30 (full 4):
 PSYoungGen      total 468480K, used 419463K [0x00000000d5580000, 0x00000000f9980000, 0x0000000100000000)
  eden space 413184K, 100% used [0x00000000d5580000,0x00000000ee900000,0x00000000ee900000)
  from space 55296K, 11% used [0x00000000ee900000,0x00000000eef21f80,0x00000000f1f00000)
  to   space 54784K, 0% used [0x00000000f6400000,0x00000000f6400000,0x00000000f9980000)
 ParOldGen       total 206336K, used 170795K [0x0000000080000000, 0x000000008c980000, 0x00000000d5580000)
  object space 206336K, 82% used [0x0000000080000000,0x000000008a6cae38,0x000000008c980000)
 Metaspace       used 111601K, capacity 117484K, committed 117544K, reserved 1150976K
  class space    used 14622K, capacity 15916K, committed 15920K, reserved 1048576K
Event: 583.957 GC heap after
Heap after GC invocations=30 (full 4):
 PSYoungGen      total 529920K, used 6112K [0x00000000d5580000, 0x00000000f9400000, 0x0000000100000000)
  eden space 480768K, 0% used [0x00000000d5580000,0x00000000d5580000,0x00000000f2b00000)
  from space 49152K, 12% used [0x00000000f6400000,0x00000000f69f8138,0x00000000f9400000)
  to   space 53760K, 0% used [0x00000000f2b00000,0x00000000f2b00000,0x00000000f5f80000)
 ParOldGen       total 206336K, used 174676K [0x0000000080000000, 0x000000008c980000, 0x00000000d5580000)
  object space 206336K, 84% used [0x0000000080000000,0x000000008aa950e8,0x000000008c980000)
 Metaspace       used 111601K, capacity 117484K, committed 117544K, reserved 1150976K
  class space    used 14622K, capacity 15916K, committed 15920K, reserved 1048576K
}
Event: 583.957 GC heap before
{Heap before GC invocations=31 (full 5):
 PSYoungGen      total 529920K, used 6112K [0x00000000d5580000, 0x00000000f9400000, 0x0000000100000000)
  eden space 480768K, 0% used [0x00000000d5580000,0x00000000d5580000,0x00000000f2b00000)
  from space 49152K, 12% used [0x00000000f6400000,0x00000000f69f8138,0x00000000f9400000)
  to   space 53760K, 0% used [0x00000000f2b00000,0x00000000f2b00000,0x00000000f5f80000)
 ParOldGen       total 206336K, used 174676K [0x0000000080000000, 0x000000008c980000, 0x00000000d5580000)
  object space 206336K, 84% used [0x0000000080000000,0x000000008aa950e8,0x000000008c980000)
 Metaspace       used 111601K, capacity 117484K, committed 117544K, reserved 1150976K
  class space    used 14622K, capacity 15916K, committed 15920K, reserved 1048576K
Event: 584.440 GC heap after
Heap after GC invocations=31 (full 5):
 PSYoungGen      total 529920K, used 0K [0x00000000d5580000, 0x00000000f9400000, 0x0000000100000000)
  eden space 480768K, 0% used [0x00000000d5580000,0x00000000d5580000,0x00000000f2b00000)
  from space 49152K, 0% used [0x00000000f6400000,0x00000000f6400000,0x00000000f9400000)
  to   space 53760K, 0% used [0x00000000f2b00000,0x00000000f2b00000,0x00000000f5f80000)
 ParOldGen       total 297472K, used 126327K [0x0000000080000000, 0x0000000092280000, 0x00000000d5580000)
  object space 297472K, 42% used [0x0000000080000000,0x0000000087b5ddc0,0x0000000092280000)
 Metaspace       used 110564K, capacity 115492K, committed 117544K, reserved 1150976K
  class space    used 14234K, capacity 15210K, committed 15920K, reserved 1048576K
}
Event: 585.366 GC heap before
{Heap before GC invocations=32 (full 5):
 PSYoungGen      total 529920K, used 480768K [0x00000000d5580000, 0x00000000f9400000, 0x0000000100000000)
  eden space 480768K, 100% used [0x00000000d5580000,0x00000000f2b00000,0x00000000f2b00000)
  from space 49152K, 0% used [0x00000000f6400000,0x00000000f6400000,0x00000000f9400000)
  to   space 53760K, 0% used [0x00000000f2b00000,0x00000000f2b00000,0x00000000f5f80000)
 ParOldGen       total 297472K, used 126327K [0x0000000080000000, 0x0000000092280000, 0x00000000d5580000)
  object space 297472K, 42% used [0x0000000080000000,0x0000000087b5ddc0,0x0000000092280000)
 Metaspace       used 110634K, capacity 115604K, committed 117928K, reserved 1150976K
  class space    used 14251K, capacity 15246K, committed 16048K, reserved 1048576K
Event: 585.379 GC heap after
Heap after GC invocations=32 (full 5):
 PSYoungGen      total 534528K, used 5602K [0x00000000d5580000, 0x00000000f9400000, 0x0000000100000000)
  eden space 480768K, 0% used [0x00000000d5580000,0x00000000d5580000,0x00000000f2b00000)
  from space 53760K, 10% used [0x00000000f2b00000,0x00000000f3078b80,0x00000000f5f80000)
  to   space 49152K, 0% used [0x00000000f6400000,0x00000000f6400000,0x00000000f9400000)
 ParOldGen       total 297472K, used 126327K [0x0000000080000000, 0x0000000092280000, 0x00000000d5580000)
  object space 297472K, 42% used [0x0000000080000000,0x0000000087b5ddc0,0x0000000092280000)
 Metaspace       used 110634K, capacity 115604K, committed 117928K, reserved 1150976K
  class space    used 14251K, capacity 15246K, committed 16048K, reserved 1048576K
}

